Vivado Simulator 2020.2
Copyright 1986-1999, 2001-2020 Xilinx, Inc. All Rights Reserved.
Running: C:/Xilinx/Vivado/2020.2/bin/unwrapped/win64.o/xelab.exe -wto df2319b073274cb09dec22ced7a0b8e9 --incr --debug typical --relax --mt 2 -L xil_defaultlib -L uvm -L unisims_ver -L unimacro_ver -L secureip --snapshot register_instruction_behav xil_defaultlib.register_instruction xil_defaultlib.glbl -log elaborate.log 
Using 2 slave threads.
Starting static elaboration
Pass Through NonSizing Optimizer
Completed static elaboration
Starting simulation data flow analysis
Completed simulation data flow analysis
Time Resolution for simulation is 1ps
Compiling module xil_defaultlib.registerFile
Compiling module xil_defaultlib.mux2
Compiling module xil_defaultlib.fulladder
Compiling module xil_defaultlib.NBitFullAdder
Compiling module xil_defaultlib.mux4
Compiling module xil_defaultlib.ALU
Compiling module xil_defaultlib.instruction
Compiling module xil_defaultlib.register_instruction
Compiling module xil_defaultlib.glbl
Built simulation snapshot register_instruction_behav
