Vivado Simulator 2020.2
Copyright 1986-1999, 2001-2020 Xilinx, Inc. All Rights Reserved.
Running: C:/Xilinx/Vivado/2020.2/bin/unwrapped/win64.o/xelab.exe -wto 32b5c2d8e8ee4eb797afef04c59411a0 --incr --debug typical --relax --mt 2 -L xil_defaultlib -L uvm -L unisims_ver -L unimacro_ver -L secureip --snapshot tb_behav xil_defaultlib.tb xil_defaultlib.glbl -log elaborate.log 
Using 2 slave threads.
Starting static elaboration
Pass Through NonSizing Optimizer
Completed static elaboration
Starting simulation data flow analysis
Completed simulation data flow analysis
Time Resolution for simulation is 1ps
Compiling module xil_defaultlib.registerFile
Compiling module xil_defaultlib.mux2
Compiling module xil_defaultlib.fulladder
Compiling module xil_defaultlib.NbitFulladder
Compiling module xil_defaultlib.mux4
Compiling module xil_defaultlib.ALU
Compiling module xil_defaultlib.instruction_memory
Compiling module xil_defaultlib.instruction
Compiling module xil_defaultlib.tb
Compiling module xil_defaultlib.glbl
Built simulation snapshot tb_behav
